{"C:\\Users\\HP\\Downloads\\to-do-application\\todo-application-frontend\\src\\App.css": {"path":"C:\\Users\\HP\\Downloads\\to-do-application\\todo-application-frontend\\src\\App.css","statementMap":{},"fnMap":{},"branchMap":{},"s":{},"f":{},"b":{},"meta":{"lastBranch":0,"lastFunction":0,"lastStatement":0,"seen":{}}}
,"C:\\Users\\HP\\Downloads\\to-do-application\\todo-application-frontend\\src\\App\\App.jsx": {"path":"C:\\Users\\HP\\Downloads\\to-do-application\\todo-application-frontend\\src\\App\\App.jsx","statementMap":{"0":{"start":{"line":10,"column":24},"end":{"line":10,"column":null}},"1":{"start":{"line":11,"column":28},"end":{"line":11,"column":null}},"2":{"start":{"line":12,"column":24},"end":{"line":12,"column":null}},"3":{"start":{"line":15,"column":2},"end":{"line":17,"column":null}},"4":{"start":{"line":16,"column":4},"end":{"line":16,"column":null}},"5":{"start":{"line":19,"column":27},"end":{"line":31,"column":null}},"6":{"start":{"line":20,"column":4},"end":{"line":30,"column":null}},"7":{"start":{"line":21,"column":6},"end":{"line":21,"column":null}},"8":{"start":{"line":22,"column":27},"end":{"line":22,"column":null}},"9":{"start":{"line":23,"column":6},"end":{"line":23,"column":null}},"10":{"start":{"line":24,"column":6},"end":{"line":24,"column":null}},"11":{"start":{"line":26,"column":6},"end":{"line":26,"column":null}},"12":{"start":{"line":27,"column":6},"end":{"line":27,"column":null}},"13":{"start":{"line":29,"column":6},"end":{"line":29,"column":null}},"14":{"start":{"line":33,"column":24},"end":{"line":52,"column":null}},"15":{"start":{"line":34,"column":4},"end":{"line":51,"column":null}},"16":{"start":{"line":35,"column":6},"end":{"line":35,"column":null}},"17":{"start":{"line":37,"column":22},"end":{"line":40,"column":null}},"18":{"start":{"line":42,"column":6},"end":{"line":42,"column":null}},"19":{"start":{"line":43,"column":6},"end":{"line":43,"column":null}},"20":{"start":{"line":44,"column":6},"end":{"line":44,"column":null}},"21":{"start":{"line":46,"column":6},"end":{"line":46,"column":null}},"22":{"start":{"line":47,"column":6},"end":{"line":47,"column":null}},"23":{"start":{"line":48,"column":6},"end":{"line":48,"column":null}},"24":{"start":{"line":50,"column":6},"end":{"line":50,"column":null}},"25":{"start":{"line":54,"column":27},"end":{"line":66,"column":null}},"26":{"start":{"line":55,"column":4},"end":{"line":65,"column":null}},"27":{"start":{"line":56,"column":6},"end":{"line":56,"column":null}},"28":{"start":{"line":58,"column":6},"end":{"line":60,"column":null}},"29":{"start":{"line":59,"column":8},"end":{"line":59,"column":null}},"30":{"start":{"line":61,"column":6},"end":{"line":61,"column":null}},"31":{"start":{"line":63,"column":6},"end":{"line":63,"column":null}},"32":{"start":{"line":64,"column":6},"end":{"line":64,"column":null}},"33":{"start":{"line":69,"column":23},"end":{"line":71,"column":null}},"34":{"start":{"line":70,"column":20},"end":{"line":70,"column":35}},"35":{"start":{"line":75,"column":2},"end":{"line":111,"column":null}}},"fnMap":{"0":{"name":"App","decl":{"start":{"line":8,"column":9},"end":{"line":8,"column":15}},"loc":{"start":{"line":8,"column":15},"end":{"line":113,"column":null}},"line":8},"1":{"name":"(anonymous_1)","decl":{"start":{"line":15,"column":12},"end":{"line":15,"column":18}},"loc":{"start":{"line":15,"column":18},"end":{"line":17,"column":5}},"line":15},"2":{"name":"(anonymous_2)","decl":{"start":{"line":19,"column":27},"end":{"line":19,"column":39}},"loc":{"start":{"line":19,"column":39},"end":{"line":31,"column":null}},"line":19},"3":{"name":"(anonymous_3)","decl":{"start":{"line":33,"column":24},"end":{"line":33,"column":31}},"loc":{"start":{"line":33,"column":44},"end":{"line":52,"column":null}},"line":33},"4":{"name":"(anonymous_4)","decl":{"start":{"line":54,"column":27},"end":{"line":54,"column":34}},"loc":{"start":{"line":54,"column":41},"end":{"line":66,"column":null}},"line":54},"5":{"name":"(anonymous_5)","decl":{"start":{"line":58,"column":25},"end":{"line":58,"column":null}},"loc":{"start":{"line":59,"column":8},"end":{"line":59,"column":null}},"line":59},"6":{"name":"(anonymous_6)","decl":{"start":{"line":70,"column":12},"end":{"line":70,"column":20}},"loc":{"start":{"line":70,"column":20},"end":{"line":70,"column":35}},"line":70}},"branchMap":{"0":{"loc":{"start":{"line":59,"column":8},"end":{"line":59,"column":null}},"type":"cond-expr","locations":[{"start":{"line":59,"column":25},"end":{"line":59,"column":56}},{"start":{"line":59,"column":56},"end":{"line":59,"column":null}}],"line":59},"1":{"loc":{"start":{"line":80,"column":9},"end":{"line":83,"column":null}},"type":"binary-expr","locations":[{"start":{"line":80,"column":9},"end":{"line":80,"column":null}},{"start":{"line":81,"column":10},"end":{"line":83,"column":null}}],"line":80},"2":{"loc":{"start":{"line":97,"column":15},"end":{"line":105,"column":null}},"type":"cond-expr","locations":[{"start":{"line":98,"column":16},"end":{"line":100,"column":null}},{"start":{"line":102,"column":16},"end":{"line":105,"column":null}}],"line":97},"3":{"loc":{"start":{"line":97,"column":15},"end":{"line":97,"column":null}},"type":"binary-expr","locations":[{"start":{"line":97,"column":15},"end":{"line":97,"column":26}},{"start":{"line":97,"column":26},"end":{"line":97,"column":null}}],"line":97}},"s":{"0":13,"1":13,"2":13,"3":13,"4":4,"5":13,"6":4,"7":4,"8":4,"9":2,"10":2,"11":1,"12":1,"13":3,"14":13,"15":1,"16":1,"17":1,"18":1,"19":1,"20":1,"21":0,"22":0,"23":0,"24":1,"25":13,"26":0,"27":0,"28":0,"29":0,"30":0,"31":0,"32":0,"33":13,"34":3,"35":13},"f":{"0":13,"1":4,"2":4,"3":1,"4":0,"5":0,"6":3},"b":{"0":[0,0],"1":[13,1],"2":[5,8],"3":[13,5]},"meta":{"lastBranch":4,"lastFunction":7,"lastStatement":36,"seen":{"f:8:9:8:15":0,"s:10:24:10:Infinity":0,"s:11:28:11:Infinity":1,"s:12:24:12:Infinity":2,"s:15:2:17:Infinity":3,"f:15:12:15:18":1,"s:16:4:16:Infinity":4,"s:19:27:31:Infinity":5,"f:19:27:19:39":2,"s:20:4:30:Infinity":6,"s:21:6:21:Infinity":7,"s:22:27:22:Infinity":8,"s:23:6:23:Infinity":9,"s:24:6:24:Infinity":10,"s:26:6:26:Infinity":11,"s:27:6:27:Infinity":12,"s:29:6:29:Infinity":13,"s:33:24:52:Infinity":14,"f:33:24:33:31":3,"s:34:4:51:Infinity":15,"s:35:6:35:Infinity":16,"s:37:22:40:Infinity":17,"s:42:6:42:Infinity":18,"s:43:6:43:Infinity":19,"s:44:6:44:Infinity":20,"s:46:6:46:Infinity":21,"s:47:6:47:Infinity":22,"s:48:6:48:Infinity":23,"s:50:6:50:Infinity":24,"s:54:27:66:Infinity":25,"f:54:27:54:34":4,"s:55:4:65:Infinity":26,"s:56:6:56:Infinity":27,"s:58:6:60:Infinity":28,"f:58:25:58:Infinity":5,"s:59:8:59:Infinity":29,"b:59:25:59:56:59:56:59:Infinity":0,"s:61:6:61:Infinity":30,"s:63:6:63:Infinity":31,"s:64:6:64:Infinity":32,"s:69:23:71:Infinity":33,"f:70:12:70:20":6,"s:70:20:70:35":34,"s:75:2:111:Infinity":35,"b:80:9:80:Infinity:81:10:83:Infinity":1,"b:98:16:100:Infinity:102:16:105:Infinity":2,"b:97:15:97:26:97:26:97:Infinity":3}}}
,"C:\\Users\\HP\\Downloads\\to-do-application\\todo-application-frontend\\src\\components\\TaskCard\\TaskCard.jsx": {"path":"C:\\Users\\HP\\Downloads\\to-do-application\\todo-application-frontend\\src\\components\\TaskCard\\TaskCard.jsx","statementMap":{"0":{"start":{"line":3,"column":17},"end":{"line":43,"column":null}},"1":{"start":{"line":4,"column":2},"end":{"line":41,"column":null}},"2":{"start":{"line":30,"column":27},"end":{"line":30,"column":null}}},"fnMap":{"0":{"name":"(anonymous_0)","decl":{"start":{"line":3,"column":17},"end":{"line":3,"column":18}},"loc":{"start":{"line":3,"column":41},"end":{"line":43,"column":null}},"line":3},"1":{"name":"(anonymous_1)","decl":{"start":{"line":30,"column":21},"end":{"line":30,"column":27}},"loc":{"start":{"line":30,"column":27},"end":{"line":30,"column":null}},"line":30}},"branchMap":{"0":{"loc":{"start":{"line":7,"column":8},"end":{"line":7,"column":null}},"type":"cond-expr","locations":[{"start":{"line":7,"column":25},"end":{"line":7,"column":40}},{"start":{"line":7,"column":40},"end":{"line":7,"column":null}}],"line":7},"1":{"loc":{"start":{"line":14,"column":12},"end":{"line":14,"column":null}},"type":"cond-expr","locations":[{"start":{"line":14,"column":29},"end":{"line":14,"column":60}},{"start":{"line":14,"column":60},"end":{"line":14,"column":null}}],"line":14},"2":{"loc":{"start":{"line":18,"column":11},"end":{"line":23,"column":null}},"type":"binary-expr","locations":[{"start":{"line":18,"column":11},"end":{"line":18,"column":null}},{"start":{"line":19,"column":12},"end":{"line":23,"column":null}}],"line":18},"3":{"loc":{"start":{"line":20,"column":14},"end":{"line":20,"column":null}},"type":"cond-expr","locations":[{"start":{"line":20,"column":31},"end":{"line":20,"column":62}},{"start":{"line":20,"column":62},"end":{"line":20,"column":null}}],"line":20},"4":{"loc":{"start":{"line":32,"column":14},"end":{"line":34,"column":null}},"type":"cond-expr","locations":[{"start":{"line":33,"column":18},"end":{"line":33,"column":null}},{"start":{"line":34,"column":18},"end":{"line":34,"column":null}}],"line":32}},"s":{"0":3,"1":12,"2":2},"f":{"0":12,"1":2},"b":{"0":[2,10],"1":[2,10],"2":[12,5],"3":[1,4],"4":[2,10]},"meta":{"lastBranch":5,"lastFunction":2,"lastStatement":3,"seen":{"s:3:17:43:Infinity":0,"f:3:17:3:18":0,"s:4:2:41:Infinity":1,"b:7:25:7:40:7:40:7:Infinity":0,"b:14:29:14:60:14:60:14:Infinity":1,"b:18:11:18:Infinity:19:12:23:Infinity":2,"b:20:31:20:62:20:62:20:Infinity":3,"f:30:21:30:27":1,"s:30:27:30:Infinity":2,"b:33:18:33:Infinity:34:18:34:Infinity":4}}}
,"C:\\Users\\HP\\Downloads\\to-do-application\\todo-application-frontend\\src\\components\\TaskForm\\TaskForm.jsx": {"path":"C:\\Users\\HP\\Downloads\\to-do-application\\todo-application-frontend\\src\\components\\TaskForm\\TaskForm.jsx","statementMap":{"0":{"start":{"line":3,"column":17},"end":{"line":69,"column":null}},"1":{"start":{"line":4,"column":30},"end":{"line":4,"column":null}},"2":{"start":{"line":5,"column":34},"end":{"line":5,"column":null}},"3":{"start":{"line":7,"column":23},"end":{"line":10,"column":null}},"4":{"start":{"line":8,"column":26},"end":{"line":8,"column":null}},"5":{"start":{"line":9,"column":4},"end":{"line":9,"column":null}},"6":{"start":{"line":9,"column":27},"end":{"line":9,"column":52}},"7":{"start":{"line":12,"column":24},"end":{"line":21,"column":null}},"8":{"start":{"line":13,"column":35},"end":{"line":13,"column":null}},"9":{"start":{"line":14,"column":4},"end":{"line":14,"column":null}},"10":{"start":{"line":14,"column":37},"end":{"line":14,"column":null}},"11":{"start":{"line":16,"column":4},"end":{"line":16,"column":null}},"12":{"start":{"line":17,"column":19},"end":{"line":17,"column":null}},"13":{"start":{"line":19,"column":4},"end":{"line":19,"column":null}},"14":{"start":{"line":19,"column":25},"end":{"line":19,"column":null}},"15":{"start":{"line":20,"column":4},"end":{"line":20,"column":null}},"16":{"start":{"line":23,"column":25},"end":{"line":28,"column":null}},"17":{"start":{"line":24,"column":4},"end":{"line":27,"column":null}},"18":{"start":{"line":25,"column":6},"end":{"line":25,"column":null}},"19":{"start":{"line":26,"column":6},"end":{"line":26,"column":null}},"20":{"start":{"line":30,"column":2},"end":{"line":67,"column":null}}},"fnMap":{"0":{"name":"(anonymous_0)","decl":{"start":{"line":3,"column":17},"end":{"line":3,"column":18}},"loc":{"start":{"line":3,"column":36},"end":{"line":69,"column":null}},"line":3},"1":{"name":"(anonymous_1)","decl":{"start":{"line":7,"column":23},"end":{"line":7,"column":24}},"loc":{"start":{"line":7,"column":30},"end":{"line":10,"column":null}},"line":7},"2":{"name":"(anonymous_2)","decl":{"start":{"line":9,"column":16},"end":{"line":9,"column":17}},"loc":{"start":{"line":9,"column":27},"end":{"line":9,"column":52}},"line":9},"3":{"name":"(anonymous_3)","decl":{"start":{"line":12,"column":24},"end":{"line":12,"column":36}},"loc":{"start":{"line":12,"column":36},"end":{"line":21,"column":null}},"line":12},"4":{"name":"(anonymous_4)","decl":{"start":{"line":23,"column":25},"end":{"line":23,"column":26}},"loc":{"start":{"line":23,"column":32},"end":{"line":28,"column":null}},"line":23}},"branchMap":{"0":{"loc":{"start":{"line":14,"column":4},"end":{"line":14,"column":null}},"type":"if","locations":[{"start":{"line":14,"column":4},"end":{"line":14,"column":null}},{"start":{},"end":{}}],"line":14},"1":{"loc":{"start":{"line":14,"column":8},"end":{"line":14,"column":37}},"type":"binary-expr","locations":[{"start":{"line":14,"column":8},"end":{"line":14,"column":25}},{"start":{"line":14,"column":25},"end":{"line":14,"column":37}}],"line":14},"2":{"loc":{"start":{"line":19,"column":4},"end":{"line":19,"column":null}},"type":"if","locations":[{"start":{"line":19,"column":4},"end":{"line":19,"column":null}},{"start":{},"end":{}}],"line":19},"3":{"loc":{"start":{"line":24,"column":4},"end":{"line":27,"column":null}},"type":"if","locations":[{"start":{"line":24,"column":4},"end":{"line":27,"column":null}},{"start":{},"end":{}}],"line":24},"4":{"loc":{"start":{"line":24,"column":8},"end":{"line":24,"column":42}},"type":"binary-expr","locations":[{"start":{"line":24,"column":8},"end":{"line":24,"column":29}},{"start":{"line":24,"column":29},"end":{"line":24,"column":42}}],"line":24},"5":{"loc":{"start":{"line":59,"column":20},"end":{"line":59,"column":null}},"type":"binary-expr","locations":[{"start":{"line":59,"column":20},"end":{"line":59,"column":34}},{"start":{"line":59,"column":34},"end":{"line":59,"column":null}}],"line":59},"6":{"loc":{"start":{"line":64,"column":11},"end":{"line":64,"column":null}},"type":"cond-expr","locations":[{"start":{"line":64,"column":24},"end":{"line":64,"column":43}},{"start":{"line":64,"column":43},"end":{"line":64,"column":null}}],"line":64}},"s":{"0":2,"1":122,"2":122,"3":122,"4":86,"5":86,"6":86,"7":122,"8":7,"9":7,"10":0,"11":7,"12":7,"13":7,"14":6,"15":7,"16":122,"17":53,"18":0,"19":0,"20":122},"f":{"0":122,"1":86,"2":86,"3":7,"4":53},"b":{"0":[0,7],"1":[7,7],"2":[6,1],"3":[0,53],"4":[53,0],"5":[122,115],"6":[7,115]},"meta":{"lastBranch":7,"lastFunction":5,"lastStatement":21,"seen":{"s:3:17:69:Infinity":0,"f:3:17:3:18":0,"s:4:30:4:Infinity":1,"s:5:34:5:Infinity":2,"s:7:23:10:Infinity":3,"f:7:23:7:24":1,"s:8:26:8:Infinity":4,"s:9:4:9:Infinity":5,"f:9:16:9:17":2,"s:9:27:9:52":6,"s:12:24:21:Infinity":7,"f:12:24:12:36":3,"s:13:35:13:Infinity":8,"b:14:4:14:Infinity:undefined:undefined:undefined:undefined":0,"s:14:4:14:Infinity":9,"b:14:8:14:25:14:25:14:37":1,"s:14:37:14:Infinity":10,"s:16:4:16:Infinity":11,"s:17:19:17:Infinity":12,"b:19:4:19:Infinity:undefined:undefined:undefined:undefined":2,"s:19:4:19:Infinity":13,"s:19:25:19:Infinity":14,"s:20:4:20:Infinity":15,"s:23:25:28:Infinity":16,"f:23:25:23:26":4,"b:24:4:27:Infinity:undefined:undefined:undefined:undefined":3,"s:24:4:27:Infinity":17,"b:24:8:24:29:24:29:24:42":4,"s:25:6:25:Infinity":18,"s:26:6:26:Infinity":19,"s:30:2:67:Infinity":20,"b:59:20:59:34:59:34:59:Infinity":5,"b:64:24:64:43:64:43:64:Infinity":6}}}
,"C:\\Users\\HP\\Downloads\\to-do-application\\todo-application-frontend\\src\\components\\TaskList\\TaskList.jsx": {"path":"C:\\Users\\HP\\Downloads\\to-do-application\\todo-application-frontend\\src\\components\\TaskList\\TaskList.jsx","statementMap":{"0":{"start":{"line":3,"column":17},"end":{"line":24,"column":null}},"1":{"start":{"line":4,"column":2},"end":{"line":10,"column":null}},"2":{"start":{"line":5,"column":4},"end":{"line":8,"column":null}},"3":{"start":{"line":12,"column":2},"end":{"line":21,"column":null}},"4":{"start":{"line":15,"column":4},"end":{"line":19,"column":null}}},"fnMap":{"0":{"name":"(anonymous_0)","decl":{"start":{"line":3,"column":17},"end":{"line":3,"column":18}},"loc":{"start":{"line":3,"column":42},"end":{"line":24,"column":null}},"line":3},"1":{"name":"(anonymous_1)","decl":{"start":{"line":14,"column":13},"end":{"line":14,"column":null}},"loc":{"start":{"line":15,"column":4},"end":{"line":19,"column":null}},"line":15}},"branchMap":{"0":{"loc":{"start":{"line":4,"column":2},"end":{"line":10,"column":null}},"type":"if","locations":[{"start":{"line":4,"column":2},"end":{"line":10,"column":null}},{"start":{},"end":{}}],"line":4}},"s":{"0":2,"1":11,"2":7,"3":4,"4":6},"f":{"0":11,"1":6},"b":{"0":[7,4]},"meta":{"lastBranch":1,"lastFunction":2,"lastStatement":5,"seen":{"s:3:17:24:Infinity":0,"f:3:17:3:18":0,"b:4:2:10:Infinity:undefined:undefined:undefined:undefined":0,"s:4:2:10:Infinity":1,"s:5:4:8:Infinity":2,"s:12:2:21:Infinity":3,"f:14:13:14:Infinity":1,"s:15:4:19:Infinity":4}}}
,"C:\\Users\\HP\\Downloads\\to-do-application\\todo-application-frontend\\src\\services\\taskService.js": {"path":"C:\\Users\\HP\\Downloads\\to-do-application\\todo-application-frontend\\src\\services\\taskService.js","statementMap":{"0":{"start":{"line":4,"column":27},"end":{"line":36,"column":1}},"1":{"start":{"line":6,"column":4},"end":{"line":12,"column":5}},"2":{"start":{"line":7,"column":23},"end":{"line":7,"column":68}},"3":{"start":{"line":8,"column":6},"end":{"line":8,"column":27}},"4":{"start":{"line":10,"column":6},"end":{"line":10,"column":53}},"5":{"start":{"line":11,"column":6},"end":{"line":11,"column":18}},"6":{"start":{"line":16,"column":4},"end":{"line":24,"column":5}},"7":{"start":{"line":17,"column":23},"end":{"line":19,"column":8}},"8":{"start":{"line":20,"column":6},"end":{"line":20,"column":27}},"9":{"start":{"line":22,"column":6},"end":{"line":22,"column":60}},"10":{"start":{"line":23,"column":6},"end":{"line":23,"column":18}},"11":{"start":{"line":28,"column":4},"end":{"line":34,"column":5}},"12":{"start":{"line":29,"column":23},"end":{"line":29,"column":61}},"13":{"start":{"line":30,"column":6},"end":{"line":30,"column":27}},"14":{"start":{"line":32,"column":6},"end":{"line":32,"column":55}},"15":{"start":{"line":33,"column":6},"end":{"line":33,"column":18}}},"fnMap":{"0":{"name":"(anonymous_0)","decl":{"start":{"line":5,"column":14},"end":{"line":5,"column":19}},"loc":{"start":{"line":5,"column":34},"end":{"line":13,"column":3}},"line":5},"1":{"name":"(anonymous_1)","decl":{"start":{"line":15,"column":18},"end":{"line":15,"column":23}},"loc":{"start":{"line":15,"column":39},"end":{"line":25,"column":3}},"line":15},"2":{"name":"(anonymous_2)","decl":{"start":{"line":27,"column":16},"end":{"line":27,"column":21}},"loc":{"start":{"line":27,"column":30},"end":{"line":35,"column":3}},"line":27}},"branchMap":{"0":{"loc":{"start":{"line":15,"column":25},"end":{"line":15,"column":34}},"type":"default-arg","locations":[{"start":{"line":15,"column":33},"end":{"line":15,"column":34}}],"line":15}},"s":{"0":1,"1":4,"2":4,"3":3,"4":1,"5":1,"6":6,"7":6,"8":5,"9":1,"10":1,"11":6,"12":6,"13":3,"14":3,"15":3},"f":{"0":4,"1":6,"2":6},"b":{"0":[6]},"meta":{"lastBranch":1,"lastFunction":3,"lastStatement":16,"seen":{"s:4:27:36:1":0,"f:5:14:5:19":0,"s:6:4:12:5":1,"s:7:23:7:68":2,"s:8:6:8:27":3,"s:10:6:10:53":4,"s:11:6:11:18":5,"f:15:18:15:23":1,"b:15:33:15:34":0,"s:16:4:24:5":6,"s:17:23:19:8":7,"s:20:6:20:27":8,"s:22:6:22:60":9,"s:23:6:23:18":10,"f:27:16:27:21":2,"s:28:4:34:5":11,"s:29:23:29:61":12,"s:30:6:30:27":13,"s:32:6:32:55":14,"s:33:6:33:18":15}}}
}
